  Czlowiek.cpp
C:\Informatyka\II SEMESTR\PO\Projekt 1\v1\v1\Czlowiek.cpp(23,65): error C2059: syntax error: ')'
C:\Informatyka\II SEMESTR\PO\Projekt 1\v1\v1\Czlowiek.cpp(23,67): error C2143: syntax error: missing ';' before '{'
C:\Informatyka\II SEMESTR\PO\Projekt 1\v1\v1\Czlowiek.cpp(27,5): error C2181: illegal else without matching if
  Organizm.cpp
  R_BarszczSosnowskiego.cpp
  R_Guarana.cpp
  R_Mlecz.cpp
  R_Trawa.cpp
  R_WilczeJagody.cpp
  Symulator1.cpp
  Z_Antylopa.cpp
  Z_Lis.cpp
  Z_Owca.cpp
  Z_Wilk.cpp
  Z_Zolw.cpp
  Generating Code...
